<?xml version="1.0" encoding="UTF-8"?>
<testng-results ignored="34" total="35" passed="1" failed="0" skipped="0">
  <reporter-output>
  </reporter-output>
  <suite started-at="2023-01-20T17:07:08 PST" name="Default suite" finished-at="2023-01-20T17:07:22 PST" duration-ms="13602">
    <groups>
    </groups>
    <test started-at="2023-01-20T17:07:08 PST" name="Default test" finished-at="2023-01-20T17:07:22 PST" duration-ms="13602">
      <class name="tests.LoginTest">
        <test-method is-config="true" signature="setUp()[pri:0, instance:tests.LoginTest@46f699d5]" started-at="2023-01-20T17:07:08 PST" name="setUp" finished-at="2023-01-20T17:07:08 PST" duration-ms="175" status="PASS">
          <reporter-output>
          </reporter-output>
        </test-method> <!-- setUp -->
        <test-method is-config="true" signature="setDriver()[pri:0, instance:tests.LoginTest@46f699d5]" started-at="2023-01-20T17:07:08 PST" name="setDriver" finished-at="2023-01-20T17:07:13 PST" duration-ms="4789" status="PASS">
          <reporter-output>
          </reporter-output>
        </test-method> <!-- setDriver -->
        <test-method signature="TC3()[pri:0, instance:tests.LoginTest@46f699d5]" started-at="2023-01-20T17:07:13 PST" name="TC3" finished-at="2023-01-20T17:07:21 PST" duration-ms="8566" status="PASS">
          <reporter-output>
          </reporter-output>
        </test-method> <!-- TC3 -->
        <test-method is-config="true" signature="removeDriver()[pri:0, instance:tests.LoginTest@46f699d5]" started-at="2023-01-20T17:07:21 PST" name="removeDriver" finished-at="2023-01-20T17:07:22 PST" duration-ms="216" status="PASS">
          <reporter-output>
          </reporter-output>
        </test-method> <!-- removeDriver -->
        <test-method is-config="true" signature="tearDown()[pri:0, instance:tests.LoginTest@46f699d5]" started-at="2023-01-20T17:07:22 PST" name="tearDown" finished-at="2023-01-20T17:07:22 PST" duration-ms="321" status="PASS">
          <reporter-output>
          </reporter-output>
        </test-method> <!-- tearDown -->
      </class> <!-- tests.LoginTest -->
    </test> <!-- Default test -->
  </suite> <!-- Default suite -->
</testng-results>
